<?xml version="1.0" encoding="UTF-8"?>
<!-- Generated by org.testng.reporters.JUnitXMLReporter -->
<testsuite hostname="MeghShiv" ignored="5" name="Smoke Test" tests="2" failures="0" timestamp="2022-12-12T21:46:05 GMT" time="56.502" errors="0">
  <testcase name="verifyUserShouldNavigateToElectronics" time="1.278" classname="com.nopcommerce.testsuite.HomePageTest"/>
  <testcase name="verifyThatTheProductAddedSuccessfullyAndPlaceOrderSuccessfully" time="38.053" classname="com.nopcommerce.testsuite.ElectronicTest"/>
  <testcase name="verifyProductAddedToShoppingCartSuccessFully" time="0.0" classname="com.nopcommerce.testsuite.ComputerTest1">
    <ignored/>
  </testcase> <!-- verifyProductAddedToShoppingCartSuccessFully -->
  <testcase name="verifyProductArrangeInAlphaBaticalOrder" time="0.0" classname="com.nopcommerce.testsuite.ComputerTest">
    <ignored/>
  </testcase> <!-- verifyProductArrangeInAlphaBaticalOrder -->
  <testcase name="verifyUserShouldNavigateToComputer" time="0.0" classname="com.nopcommerce.testsuite.HomePageTest">
    <ignored/>
  </testcase> <!-- verifyUserShouldNavigateToComputer -->
  <testcase name="verifyUserShouldNavigateToApparel" time="0.0" classname="com.nopcommerce.testsuite.HomePageTest">
    <ignored/>
  </testcase> <!-- verifyUserShouldNavigateToApparel -->
  <testcase name="verifyUserShouldNavigateToCellPhonesPageSuccessfully" time="0.0" classname="com.nopcommerce.testsuite.ElectronicTest">
    <ignored/>
  </testcase> <!-- verifyUserShouldNavigateToCellPhonesPageSuccessfully -->
</testsuite> <!-- Smoke Test -->
