<?xml version="1.0" encoding="UTF-8"?>
<!-- Generated by org.testng.reporters.JUnitXMLReporter -->
<testsuite hostname="MeghShiv" ignored="3" name="Sanity Test" tests="4" failures="0" timestamp="2022-12-12T22:58:43 GMT" time="33.796" errors="0">
  <testcase name="verifyUserShouldNavigateToComputer" time="0.973" classname="com.nopcommerce.testsuite.HomePageTest"/>
  <testcase name="verifyUserShouldNavigateToCellPhonesPageSuccessfully" time="1.211" classname="com.nopcommerce.testsuite.ElectronicTest"/>
  <testcase name="verifyProductAddedToShoppingCartSuccessFully" time="15.371" classname="com.nopcommerce.testsuite.ComputerTest1"/>
  <testcase name="verifyProductArrangeInAlphaBaticalOrder" time="1.448" classname="com.nopcommerce.testsuite.ComputerTest"/>
  <testcase name="verifyUserShouldNavigateToApparel" time="0.0" classname="com.nopcommerce.testsuite.HomePageTest">
    <ignored/>
  </testcase> <!-- verifyUserShouldNavigateToApparel -->
  <testcase name="verifyUserShouldNavigateToElectronics" time="0.0" classname="com.nopcommerce.testsuite.HomePageTest">
    <ignored/>
  </testcase> <!-- verifyUserShouldNavigateToElectronics -->
  <testcase name="verifyThatTheProductAddedSuccessfullyAndPlaceOrderSuccessfully" time="0.0" classname="com.nopcommerce.testsuite.ElectronicTest">
    <ignored/>
  </testcase> <!-- verifyThatTheProductAddedSuccessfullyAndPlaceOrderSuccessfully -->
</testsuite> <!-- Sanity Test -->
